<?xml version="1.0" encoding="UTF-8"?>
<robot generator="Robot 7.3 (Python 3.11.5 on win32)" generated="2025-06-10T17:24:30.017038" rpa="false" schemaversion="5">
<suite id="s1" name="Get Extrato Usuario Cartao Falha" source="c:\Git\e1-automacao-api-q2\tests\get_extrato_usuario_cartao_falha.robot">
<test id="s1-t1" name="Consulta com Token Inválido" line="11">
<kw name="Create Session" owner="RequestsLibrary">
<msg time="2025-06-10T17:24:30.491936" level="INFO">Creating Session using : alias=api, url=https://10.90.60.45:8444, headers={},                     cookies={}, auth=None, timeout=None, proxies=None, verify=False,                     debug=0 </msg>
<arg>api</arg>
<arg>${BASE_URL_REAL}</arg>
<arg>verify=False</arg>
<doc>Create Session: create a HTTP session to a server</doc>
<status status="PASS" start="2025-06-10T17:24:30.489937" elapsed="0.005342"/>
</kw>
<kw name="Create Dictionary" owner="BuiltIn">
<msg time="2025-06-10T17:24:30.497289" level="INFO">${headers} = {'Accept': 'application/json', 'Auth-Token': 'TOKEN_INVALIDO'}</msg>
<var>${headers}</var>
<arg>Accept=application/json</arg>
<arg>Auth-Token=TOKEN_INVALIDO</arg>
<doc>Creates and returns a dictionary based on the given ``items``.</doc>
<status status="PASS" start="2025-06-10T17:24:30.496289" elapsed="0.001000"/>
</kw>
<kw name="Validar Resposta de Erro do Extrato de Usuário" owner="validacao_erro_extrato_usuario">
<kw name="GET On Session" owner="RequestsLibrary">
<msg time="2025-06-10T17:24:30.593519" level="INFO">GET Request : url=https://10.90.60.45:8444/server-sigom/rest/usuariocartao/619727/extrato 
 path_url=/server-sigom/rest/usuariocartao/619727/extrato 
 headers={'User-Agent': 'python-requests/2.32.3', 'Accept-Encoding': 'gzip, deflate', 'Accept': 'application/json', 'Connection': 'keep-alive', 'Auth-Token': 'TOKEN_INVALIDO'} 
 body=None 
 </msg>
<msg time="2025-06-10T17:24:30.594524" level="INFO">GET Response : url=https://10.90.60.45:8444/server-sigom/rest/usuariocartao/619727/extrato 
 status=401, reason=Unauthorized 
 headers={'Expires': '0', 'Cache-Control': 'no-cache, no-store, max-age=0, must-revalidate', 'Access-Control-Allow-Headers': 'Authorization', 'X-XSS-Protection': '1; mode=block', 'Pragma': 'no-cache', 'Date': 'Tue, 10 Jun 2025 20:24:30 GMT', 'Connection': 'keep-alive', 'Strict-Transport-Security': 'max-age=31536000 ; includeSubDomains', 'Access-Control-Allow-Methods': 'GET, POST, OPTIONS', 'X-Powered-By': 'Undertow/1', 'Server': 'WildFly/8', 'X-Frame-Options': 'DENY', 'Access-Control-Allow-Origin': '*', 'Access-Control-Allow-Credentials': 'true', 'X-Content-Type-Options': 'nosniff', 'Content-Length': '0', 'Access-Control-Max-Age': 'true'} 
 body=None 
 </msg>
<msg time="2025-06-10T17:24:30.594524" level="INFO">C:\Users\odair.oliveira\AppData\Roaming\Python\Python311\site-packages\urllib3\connectionpool.py:1097: InsecureRequestWarning: Unverified HTTPS request is being made to host '10.90.60.45'. Adding certificate verification is strongly advised. See: https://urllib3.readthedocs.io/en/latest/advanced-usage.html#tls-warnings
  warnings.warn(</msg>
<msg time="2025-06-10T17:24:30.595519" level="INFO">${response} = &lt;Response [401]&gt;</msg>
<var>${response}</var>
<arg>api</arg>
<arg>${endpoint}</arg>
<arg>headers=${headers}</arg>
<arg>expected_status=any</arg>
<doc>Sends a GET request on a previously created HTTP Session.</doc>
<status status="PASS" start="2025-06-10T17:24:30.499289" elapsed="0.096230"/>
</kw>
<kw name="Log" owner="BuiltIn">
<msg time="2025-06-10T17:24:30.596025" level="INFO">&gt;&gt;&gt; Status Esperado: 401</msg>
<arg>&gt;&gt;&gt; Status Esperado: ${status_esperado}</arg>
<doc>Logs the given message with the given level.</doc>
<status status="PASS" start="2025-06-10T17:24:30.596025" elapsed="0.000000"/>
</kw>
<kw name="Log" owner="BuiltIn">
<msg time="2025-06-10T17:24:30.597033" level="INFO">&gt;&gt;&gt; Status Recebido: 401</msg>
<arg>&gt;&gt;&gt; Status Recebido: ${response.status_code}</arg>
<doc>Logs the given message with the given level.</doc>
<status status="PASS" start="2025-06-10T17:24:30.596025" elapsed="0.001008"/>
</kw>
<kw name="Log" owner="BuiltIn">
<msg time="2025-06-10T17:24:30.598032" level="INFO">&gt;&gt;&gt; Body: </msg>
<arg>&gt;&gt;&gt; Body: ${response.content}</arg>
<doc>Logs the given message with the given level.</doc>
<status status="PASS" start="2025-06-10T17:24:30.597033" elapsed="0.000999"/>
</kw>
<kw name="Validar Status Code" owner="validacao_extrato_usuario">
<kw name="Should Be Equal As Integers" owner="BuiltIn">
<msg time="2025-06-10T17:24:30.601036" level="INFO">Argument types are:
&lt;class 'int'&gt;
&lt;class 'str'&gt;</msg>
<arg>${response.status_code}</arg>
<arg>${status_esperado}</arg>
<doc>Fails if objects are unequal after converting them to integers.</doc>
<status status="PASS" start="2025-06-10T17:24:30.599038" elapsed="0.002999"/>
</kw>
<arg>${response}</arg>
<arg>${status_esperado}</arg>
<status status="PASS" start="2025-06-10T17:24:30.598032" elapsed="0.004005"/>
</kw>
<if>
<branch type="IF" condition="'${status_esperado}' != '200' and '${response.content}' != ''">
<kw name="Evaluate" owner="BuiltIn">
<var>${json_retorno}</var>
<arg>json.loads('''${response.content}''')</arg>
<arg>modules=json</arg>
<doc>Evaluates the given expression in Python and returns the result.</doc>
<status status="NOT RUN" start="2025-06-10T17:24:30.604039" elapsed="0.000000"/>
</kw>
<kw name="Dictionary Should Contain Key" owner="Collections">
<arg>${json_retorno}</arg>
<arg>codigo</arg>
<doc>Fails if ``key`` is not found from ``dictionary``.</doc>
<status status="NOT RUN" start="2025-06-10T17:24:30.605035" elapsed="0.000000"/>
</kw>
<kw name="Dictionary Should Contain Key" owner="Collections">
<arg>${json_retorno}</arg>
<arg>mensagem</arg>
<doc>Fails if ``key`` is not found from ``dictionary``.</doc>
<status status="NOT RUN" start="2025-06-10T17:24:30.605035" elapsed="0.000000"/>
</kw>
<status status="NOT RUN" start="2025-06-10T17:24:30.603042" elapsed="0.001993"/>
</branch>
<branch type="ELSE IF" condition="'${response.content}' == ''">
<kw name="Log" owner="BuiltIn">
<msg time="2025-06-10T17:24:30.606036" level="INFO">&gt;&gt; Corpo da reposta está vazio, não será feita validação de campos JSON.</msg>
<arg>&gt;&gt; Corpo da reposta está vazio, não será feita validação de campos JSON.</arg>
<doc>Logs the given message with the given level.</doc>
<status status="PASS" start="2025-06-10T17:24:30.606036" elapsed="0.000000"/>
</kw>
<status status="PASS" start="2025-06-10T17:24:30.605035" elapsed="0.001001"/>
</branch>
<status status="PASS" start="2025-06-10T17:24:30.603042" elapsed="0.002994"/>
</if>
<return>
<value>${response}</value>
<status status="PASS" start="2025-06-10T17:24:30.606036" elapsed="0.000995"/>
</return>
<arg>/server-sigom/rest/usuariocartao/${USUARIO_ID}/extrato</arg>
<arg>${headers}</arg>
<arg>401</arg>
<status status="PASS" start="2025-06-10T17:24:30.498287" elapsed="0.108744"/>
</kw>
<doc>Verifica resposta 401 ao usar token inválido.</doc>
<status status="PASS" start="2025-06-10T17:24:30.488935" elapsed="0.118096"/>
</test>
<status status="PASS" start="2025-06-10T17:24:30.023020" elapsed="0.585493"/>
</suite>
<statistics>
<total>
<stat pass="1" fail="0" skip="0">All Tests</stat>
</total>
<tag>
</tag>
<suite>
<stat name="Get Extrato Usuario Cartao Falha" id="s1" pass="1" fail="0" skip="0">Get Extrato Usuario Cartao Falha</stat>
</suite>
</statistics>
<errors>
<msg time="2025-06-10T17:24:30.472795" level="WARN">Error in file 'c:\Git\e1-automacao-api-q2\resources\keywords\validacao_erro_extrato_usuario.robot' on line 18: The '[Return]' setting is deprecated. Use the 'RETURN' statement instead.</msg>
<msg time="2025-06-10T17:24:30.476872" level="WARN">Error in file 'c:\Git\e1-automacao-api-q2\resources\keywords\validacao_extrato_usuario.robot' on line 35: The '[Return]' setting is deprecated. Use the 'RETURN' statement instead.</msg>
<msg time="2025-06-10T17:24:30.477874" level="WARN">Error in file 'c:\Git\e1-automacao-api-q2\resources\keywords\validacao_extrato_usuario.robot' on line 56: The '[Return]' setting is deprecated. Use the 'RETURN' statement instead.</msg>
</errors>
</robot>
