<?xml version="1.0" encoding="UTF-8"?>
<robot generator="Robot 7.3 (Python 3.11.5 on win32)" generated="2025-06-17T15:18:30.139654" rpa="false" schemaversion="5">
<suite id="s1" name="Get Extrato Usuario Cartao Falha" source="c:\Git\e1-automacao-api-q2\tests\get_extrato_usuario_cartao_falha.robot">
<test id="s1-t1" name="Consulta sem Token" line="24">
<kw name="Create Session" owner="RequestsLibrary">
<msg time="2025-06-17T15:18:30.457631" level="INFO">Creating Session using : alias=api, url=https://teste.empresa1.com.br:8444/, headers={},                     cookies={}, auth=None, timeout=None, proxies=None, verify=False,                     debug=0 </msg>
<arg>api</arg>
<arg>${BASE_URL_REAL}</arg>
<arg>verify=False</arg>
<doc>Create Session: create a HTTP session to a server</doc>
<status status="PASS" start="2025-06-17T15:18:30.457631" elapsed="0.001019"/>
</kw>
<kw name="Create Dictionary" owner="BuiltIn">
<msg time="2025-06-17T15:18:30.460641" level="INFO">${headers} = {'Accept': 'application/json'}</msg>
<var>${headers}</var>
<arg>Accept=application/json</arg>
<doc>Creates and returns a dictionary based on the given ``items``.</doc>
<status status="PASS" start="2025-06-17T15:18:30.459634" elapsed="0.001007"/>
</kw>
<kw name="Validar Resposta de Erro do Extrato de Usuário" owner="validacao_erro_extrato_usuario">
<kw name="GET On Session" owner="RequestsLibrary">
<msg time="2025-06-17T15:18:30.663413" level="INFO">GET Request : url=https://teste.empresa1.com.br:8444/server-sigom/rest/usuariocartao/619727/extrato 
 path_url=/server-sigom/rest/usuariocartao/619727/extrato 
 headers={'User-Agent': 'python-requests/2.32.3', 'Accept-Encoding': 'gzip, deflate', 'Accept': 'application/json', 'Connection': 'keep-alive'} 
 body=None 
 </msg>
<msg time="2025-06-17T15:18:30.664343" level="INFO">GET Response : url=https://teste.empresa1.com.br:8444/server-sigom/rest/usuariocartao/619727/extrato 
 status=401, reason=Unauthorized 
 headers={'Expires': '0', 'Cache-Control': 'no-cache, no-store, max-age=0, must-revalidate', 'Access-Control-Allow-Headers': 'Authorization', 'X-XSS-Protection': '1; mode=block', 'Pragma': 'no-cache', 'Date': 'Tue, 17 Jun 2025 18:18:30 GMT', 'Connection': 'keep-alive', 'Strict-Transport-Security': 'max-age=31536000 ; includeSubDomains', 'Access-Control-Allow-Methods': 'GET, POST, OPTIONS', 'X-Powered-By': 'Undertow/1', 'Server': 'WildFly/8', 'X-Frame-Options': 'DENY', 'Access-Control-Allow-Origin': '*', 'Access-Control-Allow-Credentials': 'true', 'X-Content-Type-Options': 'nosniff', 'Content-Length': '0', 'Access-Control-Max-Age': 'true'} 
 body=None 
 </msg>
<msg time="2025-06-17T15:18:30.664343" level="INFO">C:\Users\odair.oliveira\AppData\Roaming\Python\Python311\site-packages\urllib3\connectionpool.py:1097: InsecureRequestWarning: Unverified HTTPS request is being made to host 'teste.empresa1.com.br'. Adding certificate verification is strongly advised. See: https://urllib3.readthedocs.io/en/latest/advanced-usage.html#tls-warnings
  warnings.warn(</msg>
<msg time="2025-06-17T15:18:30.665291" level="INFO">${response} = &lt;Response [401]&gt;</msg>
<var>${response}</var>
<arg>api</arg>
<arg>${endpoint}</arg>
<arg>headers=${headers}</arg>
<arg>expected_status=any</arg>
<doc>Sends a GET request on a previously created HTTP Session.</doc>
<status status="PASS" start="2025-06-17T15:18:30.462657" elapsed="0.202634"/>
</kw>
<kw name="Log" owner="BuiltIn">
<msg time="2025-06-17T15:18:30.665291" level="INFO">&gt;&gt;&gt; Status Esperado: 401</msg>
<arg>&gt;&gt;&gt; Status Esperado: ${status_esperado}</arg>
<doc>Logs the given message with the given level.</doc>
<status status="PASS" start="2025-06-17T15:18:30.665291" elapsed="0.000964"/>
</kw>
<kw name="Log" owner="BuiltIn">
<msg time="2025-06-17T15:18:30.666255" level="INFO">&gt;&gt;&gt; Status Recebido: 401</msg>
<arg>&gt;&gt;&gt; Status Recebido: ${response.status_code}</arg>
<doc>Logs the given message with the given level.</doc>
<status status="PASS" start="2025-06-17T15:18:30.666255" elapsed="0.000000"/>
</kw>
<kw name="Log" owner="BuiltIn">
<msg time="2025-06-17T15:18:30.667252" level="INFO">&gt;&gt;&gt; Body: </msg>
<arg>&gt;&gt;&gt; Body: ${response.content}</arg>
<doc>Logs the given message with the given level.</doc>
<status status="PASS" start="2025-06-17T15:18:30.667252" elapsed="0.000000"/>
</kw>
<kw name="Validar Status Code" owner="validacao_erro_extrato_usuario">
<kw name="Should Be Equal As Integers" owner="BuiltIn">
<msg time="2025-06-17T15:18:30.668247" level="INFO">Argument types are:
&lt;class 'int'&gt;
&lt;class 'str'&gt;</msg>
<arg>${response.status_code}</arg>
<arg>${status_esperado}</arg>
<doc>Fails if objects are unequal after converting them to integers.</doc>
<status status="PASS" start="2025-06-17T15:18:30.667252" elapsed="0.000995"/>
</kw>
<arg>${response}</arg>
<arg>${status_esperado}</arg>
<status status="PASS" start="2025-06-17T15:18:30.667252" elapsed="0.000995"/>
</kw>
<kw name="Convert To String" owner="BuiltIn">
<msg time="2025-06-17T15:18:30.668247" level="INFO">${status_esperado_str} = 401</msg>
<var>${status_esperado_str}</var>
<arg>${status_esperado}</arg>
<doc>Converts the given item to a Unicode string.</doc>
<status status="PASS" start="2025-06-17T15:18:30.668247" elapsed="0.000000"/>
</kw>
<if>
<branch type="IF" condition="'${status_esperado_str}' != '200' and '${response.content}' != ''">
<kw name="Evaluate" owner="BuiltIn">
<var>${json_retorno}</var>
<arg>json.loads('''${response.content}''')</arg>
<arg>modules=json</arg>
<doc>Evaluates the given expression in Python and returns the result.</doc>
<status status="NOT RUN" start="2025-06-17T15:18:30.669247" elapsed="0.000000"/>
</kw>
<kw name="Dictionary Should Contain Key" owner="Collections">
<arg>${json_retorno}</arg>
<arg>codigo</arg>
<doc>Fails if ``key`` is not found from ``dictionary``.</doc>
<status status="NOT RUN" start="2025-06-17T15:18:30.669247" elapsed="0.000000"/>
</kw>
<kw name="Dictionary Should Contain Key" owner="Collections">
<arg>${json_retorno}</arg>
<arg>mensagem</arg>
<doc>Fails if ``key`` is not found from ``dictionary``.</doc>
<status status="NOT RUN" start="2025-06-17T15:18:30.669247" elapsed="0.000000"/>
</kw>
<if>
<branch type="IF" condition="'${codigo_esperado}' != 'None'">
<kw name="Should Be Equal" owner="BuiltIn">
<arg>${json_retorno['codigo']}</arg>
<arg>${codigo_esperado}</arg>
<doc>Fails if the given objects are unequal.</doc>
<status status="NOT RUN" start="2025-06-17T15:18:30.669247" elapsed="0.000000"/>
</kw>
<status status="NOT RUN" start="2025-06-17T15:18:30.669247" elapsed="0.000000"/>
</branch>
<status status="NOT RUN" start="2025-06-17T15:18:30.669247" elapsed="0.001000"/>
</if>
<if>
<branch type="IF" condition="'${mensagem_esperada}' != 'None'">
<kw name="Should Be Equal" owner="BuiltIn">
<arg>${json_retorno['mensagem']}</arg>
<arg>${mensagem_esperada}</arg>
<doc>Fails if the given objects are unequal.</doc>
<status status="NOT RUN" start="2025-06-17T15:18:30.670247" elapsed="0.000000"/>
</kw>
<status status="NOT RUN" start="2025-06-17T15:18:30.670247" elapsed="0.000000"/>
</branch>
<status status="NOT RUN" start="2025-06-17T15:18:30.670247" elapsed="0.000000"/>
</if>
<status status="NOT RUN" start="2025-06-17T15:18:30.668247" elapsed="0.002000"/>
</branch>
<branch type="ELSE IF" condition="'${response.content}' == ''">
<kw name="Log" owner="BuiltIn">
<msg time="2025-06-17T15:18:30.670247" level="INFO">&gt;&gt; Corpo da resposta está vazio, não será feita validação de campos JSON.</msg>
<arg>&gt;&gt; Corpo da resposta está vazio, não será feita validação de campos JSON.</arg>
<doc>Logs the given message with the given level.</doc>
<status status="PASS" start="2025-06-17T15:18:30.670247" elapsed="0.000000"/>
</kw>
<status status="PASS" start="2025-06-17T15:18:30.670247" elapsed="0.000000"/>
</branch>
<status status="PASS" start="2025-06-17T15:18:30.668247" elapsed="0.002000"/>
</if>
<return>
<value>${response}</value>
<status status="PASS" start="2025-06-17T15:18:30.671247" elapsed="0.000000"/>
</return>
<arg>/server-sigom/rest/usuariocartao/${USUARIO_ID}/extrato</arg>
<arg>${headers}</arg>
<arg>401</arg>
<status status="PASS" start="2025-06-17T15:18:30.461642" elapsed="0.209605"/>
</kw>
<doc>Verifica resposta 403 ou 401 ao omitir token de autenticação.</doc>
<status status="PASS" start="2025-06-17T15:18:30.455630" elapsed="0.216618"/>
</test>
<status status="PASS" start="2025-06-17T15:18:30.144546" elapsed="0.528701"/>
</suite>
<statistics>
<total>
<stat pass="1" fail="0" skip="0">All Tests</stat>
</total>
<tag>
</tag>
<suite>
<stat name="Get Extrato Usuario Cartao Falha" id="s1" pass="1" fail="0" skip="0">Get Extrato Usuario Cartao Falha</stat>
</suite>
</statistics>
<errors>
<msg time="2025-06-17T15:18:30.453630" level="ERROR">Error in file 'c:\Git\e1-automacao-api-q2\resources\keywords\validacao_erro_extrato_usuario.robot' on line 4: Resource file '..\resources\variables.resource' does not exist.</msg>
</errors>
</robot>
